[27-Mar-2026 03:26:12 UTC] PHP Warning:  Undefined array key "HTTP_HOST" in C:\Users\mecke\Local Sites\readengine\app\public\wp-includes\functions.php on line 6344
[01-Apr-2026 13:41:06 UTC] PHP Warning:  Undefined array key "HTTP_HOST" in C:\Users\mecke\Local Sites\readengine\app\public\wp-includes\functions.php on line 6344
[01-Apr-2026 14:11:20 UTC] PHP Warning:  Undefined array key "HTTP_HOST" in C:\Users\mecke\Local Sites\readengine\app\public\wp-includes\functions.php on line 6344
[05-Apr-2026 11:07:06 UTC] PHP Fatal error:  Cannot redeclare ebook_post_types() (previously declared in C:\Users\mecke\Local Sites\readengine\app\public\wp-content\mu-plugins\ebook-post-types.php:3) in C:\Users\mecke\Local Sites\readengine\app\public\wp-content\themes\my-ebook-theme\functions.php on line 17
[05-Apr-2026 11:07:06 UTC] PHP Warning:  Trying to access array offset on value of type bool in C:\Users\mecke\Local Sites\readengine\app\public\wp-includes\class-wp-recovery-mode-email-service.php on line 367
[05-Apr-2026 11:07:06 UTC] PHP Warning:  Trying to access array offset on value of type bool in C:\Users\mecke\Local Sites\readengine\app\public\wp-includes\class-wp-recovery-mode-email-service.php on line 368
[06-Apr-2026 05:12:20 UTC] PHP Warning:  Undefined array key 0 in C:\Users\Admin\Local Sites\readengine\app\public\wp-content\themes\my-ebook-theme\functions.php on line 335
[06-Apr-2026 05:13:20 UTC] PHP Warning:  Undefined array key 0 in C:\Users\Admin\Local Sites\readengine\app\public\wp-content\themes\my-ebook-theme\functions.php on line 335
[06-Apr-2026 05:13:21 UTC] PHP Warning:  Undefined array key 0 in C:\Users\Admin\Local Sites\readengine\app\public\wp-content\themes\my-ebook-theme\functions.php on line 335
[06-Apr-2026 05:13:21 UTC] PHP Warning:  Undefined array key 0 in C:\Users\Admin\Local Sites\readengine\app\public\wp-content\themes\my-ebook-theme\functions.php on line 335
[06-Apr-2026 05:16:35 UTC] PHP Warning:  Undefined array key 0 in C:\Users\Admin\Local Sites\readengine\app\public\wp-content\themes\my-ebook-theme\functions.php on line 346
[06-Apr-2026 05:16:38 UTC] PHP Warning:  Undefined array key 0 in C:\Users\Admin\Local Sites\readengine\app\public\wp-content\themes\my-ebook-theme\functions.php on line 346
[06-Apr-2026 05:16:47 UTC] PHP Warning:  Undefined array key 0 in C:\Users\Admin\Local Sites\readengine\app\public\wp-content\themes\my-ebook-theme\functions.php on line 346
[06-Apr-2026 05:16:57 UTC] PHP Warning:  Undefined array key 0 in C:\Users\Admin\Local Sites\readengine\app\public\wp-content\themes\my-ebook-theme\functions.php on line 346
[06-Apr-2026 05:16:57 UTC] PHP Warning:  Undefined array key 0 in C:\Users\Admin\Local Sites\readengine\app\public\wp-content\themes\my-ebook-theme\functions.php on line 335
[06-Apr-2026 05:17:28 UTC] PHP Warning:  Undefined array key 0 in C:\Users\Admin\Local Sites\readengine\app\public\wp-content\themes\my-ebook-theme\functions.php on line 346
[06-Apr-2026 05:17:28 UTC] PHP Warning:  Undefined array key 0 in C:\Users\Admin\Local Sites\readengine\app\public\wp-content\themes\my-ebook-theme\functions.php on line 335
[06-Apr-2026 05:17:28 UTC] PHP Warning:  Undefined array key 0 in C:\Users\Admin\Local Sites\readengine\app\public\wp-content\themes\my-ebook-theme\functions.php on line 346
[06-Apr-2026 05:17:30 UTC] PHP Warning:  Undefined array key 0 in C:\Users\Admin\Local Sites\readengine\app\public\wp-content\themes\my-ebook-theme\functions.php on line 346
[06-Apr-2026 05:17:30 UTC] PHP Warning:  Undefined array key 0 in C:\Users\Admin\Local Sites\readengine\app\public\wp-content\themes\my-ebook-theme\functions.php on line 335
[06-Apr-2026 05:17:30 UTC] PHP Warning:  Undefined array key 0 in C:\Users\Admin\Local Sites\readengine\app\public\wp-content\themes\my-ebook-theme\functions.php on line 346
[06-Apr-2026 05:17:39 UTC] PHP Warning:  Undefined array key 0 in C:\Users\Admin\Local Sites\readengine\app\public\wp-content\themes\my-ebook-theme\functions.php on line 346
[06-Apr-2026 05:17:39 UTC] PHP Warning:  Undefined array key 0 in C:\Users\Admin\Local Sites\readengine\app\public\wp-content\themes\my-ebook-theme\functions.php on line 335
[06-Apr-2026 05:17:41 UTC] PHP Warning:  Undefined array key 0 in C:\Users\Admin\Local Sites\readengine\app\public\wp-content\themes\my-ebook-theme\functions.php on line 346
[06-Apr-2026 05:17:41 UTC] PHP Warning:  Undefined array key 0 in C:\Users\Admin\Local Sites\readengine\app\public\wp-content\themes\my-ebook-theme\functions.php on line 335
[06-Apr-2026 05:17:44 UTC] PHP Warning:  Undefined array key 0 in C:\Users\Admin\Local Sites\readengine\app\public\wp-content\themes\my-ebook-theme\functions.php on line 346
[06-Apr-2026 05:17:44 UTC] PHP Warning:  Undefined array key 0 in C:\Users\Admin\Local Sites\readengine\app\public\wp-content\themes\my-ebook-theme\functions.php on line 335
[06-Apr-2026 05:17:44 UTC] PHP Warning:  Undefined array key 0 in C:\Users\Admin\Local Sites\readengine\app\public\wp-content\themes\my-ebook-theme\functions.php on line 346
[06-Apr-2026 05:17:55 UTC] PHP Warning:  Undefined array key 0 in C:\Users\Admin\Local Sites\readengine\app\public\wp-content\themes\my-ebook-theme\functions.php on line 346
[06-Apr-2026 05:17:55 UTC] PHP Warning:  Undefined array key 0 in C:\Users\Admin\Local Sites\readengine\app\public\wp-content\themes\my-ebook-theme\functions.php on line 335
[06-Apr-2026 05:18:11 UTC] PHP Warning:  Undefined array key 0 in C:\Users\Admin\Local Sites\readengine\app\public\wp-content\themes\my-ebook-theme\functions.php on line 335
[06-Apr-2026 05:19:29 UTC] PHP Warning:  Undefined array key 0 in C:\Users\Admin\Local Sites\readengine\app\public\wp-content\themes\my-ebook-theme\functions.php on line 335
[06-Apr-2026 05:19:31 UTC] PHP Warning:  Undefined array key 0 in C:\Users\Admin\Local Sites\readengine\app\public\wp-content\themes\my-ebook-theme\functions.php on line 335
[06-Apr-2026 05:19:45 UTC] PHP Warning:  Undefined array key 0 in C:\Users\Admin\Local Sites\readengine\app\public\wp-content\themes\my-ebook-theme\functions.php on line 335
[06-Apr-2026 16:32:37 UTC] PHP Warning:  Undefined array key 0 in C:\Users\mecke\Local Sites\readengine\app\public\wp-content\themes\my-ebook-theme\functions.php on line 335
[06-Apr-2026 16:33:38 UTC] PHP Warning:  Undefined array key 0 in C:\Users\mecke\Local Sites\readengine\app\public\wp-content\themes\my-ebook-theme\functions.php on line 335
[06-Apr-2026 16:33:47 UTC] PHP Warning:  Undefined array key 0 in C:\Users\mecke\Local Sites\readengine\app\public\wp-content\themes\my-ebook-theme\functions.php on line 335
[06-Apr-2026 16:33:52 UTC] PHP Warning:  Undefined array key 0 in C:\Users\mecke\Local Sites\readengine\app\public\wp-content\themes\my-ebook-theme\functions.php on line 335
[06-Apr-2026 16:35:39 UTC] PHP Warning:  Undefined array key 0 in C:\Users\mecke\Local Sites\readengine\app\public\wp-content\themes\my-ebook-theme\functions.php on line 335
